2025-09-01 20:48:05 - app.config.logging - INFO - logging - setup_logging:199 - Logging initialized - Level: INFO
2025-09-01 20:48:05 - app.config.logging - INFO - logging - setup_logging:200 - Environment: development
2025-09-01 20:48:05 - app.config.logging - INFO - logging - setup_logging:201 - Log files directory: D:\cardinsa v2\cardinsa-backend\logs
2025-09-01 20:48:05 - app.main - INFO - main - lifespan:44 - Starting CARDINSA Insurance Backend...
2025-09-01 20:48:05 - app.config.database - INFO - database - create_tables:151 - Creating database tables...
2025-09-01 20:48:05 - app.config.database - INFO - database - create_tables:163 - Database tables created successfully
2025-09-01 20:48:05 - app.main - INFO - main - lifespan:49 - Database tables created/verified
2025-09-01 20:48:05 - app.main - INFO - main - lifespan:52 - Application startup completed
2025-09-01 20:48:15 - app.middleware.logging - INFO - middleware - dispatch:69 - Request started: GET http://localhost:8001/docs
2025-09-01 20:48:15 - app.middleware.logging - INFO - middleware - dispatch:93 - Request completed: GET http://localhost:8001/docs - 200
2025-09-01 20:48:16 - app.middleware.logging - INFO - middleware - dispatch:69 - Request started: GET http://localhost:8001/openapi.json
2025-09-01 20:48:16 - app.middleware.logging - INFO - middleware - dispatch:93 - Request completed: GET http://localhost:8001/openapi.json - 200
2025-09-01 20:58:37 - app.middleware.logging - INFO - middleware - dispatch:69 - Request started: GET http://localhost:8001/docs
2025-09-01 20:58:37 - app.middleware.logging - INFO - middleware - dispatch:93 - Request completed: GET http://localhost:8001/docs - 200
2025-09-01 20:58:37 - app.main - INFO - main - lifespan:57 - Shutting down CARDINSA Insurance Backend...
2025-09-01 20:58:37 - app.main - INFO - main - lifespan:59 - Application shutdown completed
2025-09-01 20:58:40 - app.config.logging - INFO - logging - setup_logging:199 - Logging initialized - Level: INFO
2025-09-01 20:58:40 - app.config.logging - INFO - logging - setup_logging:200 - Environment: development
2025-09-01 20:58:40 - app.config.logging - INFO - logging - setup_logging:201 - Log files directory: D:\cardinsa v2\cardinsa-backend\logs
2025-09-01 20:58:40 - app.main - INFO - main - lifespan:44 - Starting CARDINSA Insurance Backend...
2025-09-01 20:58:40 - app.config.database - INFO - database - create_tables:151 - Creating database tables...
2025-09-01 20:58:40 - app.config.database - INFO - database - create_tables:163 - Database tables created successfully
2025-09-01 20:58:40 - app.main - INFO - main - lifespan:49 - Database tables created/verified
2025-09-01 20:58:40 - app.main - INFO - main - lifespan:52 - Application startup completed
2025-09-01 20:58:40 - app.middleware.logging - INFO - middleware - dispatch:69 - Request started: GET http://localhost:8001/openapi.json
2025-09-01 20:58:40 - app.middleware.logging - INFO - middleware - dispatch:93 - Request completed: GET http://localhost:8001/openapi.json - 200
2025-09-02 06:57:55 - app.main - INFO - main - lifespan:57 - Shutting down CARDINSA Insurance Backend...
2025-09-02 06:57:55 - app.main - INFO - main - lifespan:59 - Application shutdown completed
2025-09-02 06:57:57 - app.config.logging - INFO - logging - setup_logging:199 - Logging initialized - Level: INFO
2025-09-02 06:57:57 - app.config.logging - INFO - logging - setup_logging:200 - Environment: development
2025-09-02 06:57:57 - app.config.logging - INFO - logging - setup_logging:201 - Log files directory: D:\cardinsa v2\cardinsa-backend\logs
2025-09-02 06:57:57 - app.main - INFO - main - lifespan:44 - Starting CARDINSA Insurance Backend...
2025-09-02 06:57:57 - app.config.database - INFO - database - create_tables:151 - Creating database tables...
2025-09-02 06:57:58 - app.config.database - INFO - database - create_tables:163 - Database tables created successfully
2025-09-02 06:57:58 - app.main - INFO - main - lifespan:49 - Database tables created/verified
2025-09-02 06:57:58 - app.main - INFO - main - lifespan:52 - Application startup completed
2025-09-02 11:26:02 - app.middleware.logging - INFO - middleware - dispatch:69 - Request started: GET http://localhost:8001/docs
2025-09-02 11:26:02 - app.middleware.logging - INFO - middleware - dispatch:93 - Request completed: GET http://localhost:8001/docs - 200
2025-09-02 11:26:02 - app.main - INFO - main - lifespan:57 - Shutting down CARDINSA Insurance Backend...
2025-09-02 11:26:02 - app.main - INFO - main - lifespan:59 - Application shutdown completed
2025-09-02 11:39:00 - app.config.logging - INFO - logging - setup_logging:199 - Logging initialized - Level: INFO
2025-09-02 11:39:00 - app.config.logging - INFO - logging - setup_logging:200 - Environment: development
2025-09-02 11:39:00 - app.config.logging - INFO - logging - setup_logging:201 - Log files directory: D:\cardinsa v2\cardinsa-backend\logs
2025-09-02 11:39:00 - app.main - INFO - main - lifespan:44 - Starting CARDINSA Insurance Backend...
2025-09-02 11:39:00 - app.config.database - INFO - database - create_tables:151 - Creating database tables...
2025-09-02 11:39:01 - app.config.database - INFO - database - create_tables:163 - Database tables created successfully
2025-09-02 11:39:01 - app.main - INFO - main - lifespan:49 - Database tables created/verified
2025-09-02 11:39:01 - app.main - INFO - main - lifespan:52 - Application startup completed
2025-09-02 11:39:01 - app.middleware.logging - INFO - middleware - dispatch:69 - Request started: GET http://localhost:8001/openapi.json
2025-09-02 11:39:01 - app.middleware.logging - INFO - middleware - dispatch:93 - Request completed: GET http://localhost:8001/openapi.json - 200
2025-09-02 14:15:07 - app.middleware.logging - INFO - middleware - dispatch:69 - Request started: GET http://localhost:8001/docs
2025-09-02 14:15:07 - app.middleware.logging - INFO - middleware - dispatch:93 - Request completed: GET http://localhost:8001/docs - 200
2025-09-02 14:15:08 - app.middleware.logging - INFO - middleware - dispatch:69 - Request started: GET http://localhost:8001/openapi.json
2025-09-02 14:15:08 - app.middleware.logging - INFO - middleware - dispatch:93 - Request completed: GET http://localhost:8001/openapi.json - 200
2025-09-03 09:32:44 - app.middleware.logging - INFO - middleware - dispatch:69 - Request started: GET http://localhost:8001/docs
2025-09-03 09:32:44 - app.middleware.logging - INFO - middleware - dispatch:93 - Request completed: GET http://localhost:8001/docs - 200
2025-09-03 09:32:45 - app.middleware.logging - INFO - middleware - dispatch:69 - Request started: GET http://localhost:8001/openapi.json
2025-09-03 09:32:45 - app.middleware.logging - INFO - middleware - dispatch:93 - Request completed: GET http://localhost:8001/openapi.json - 200
2025-09-03 09:32:50 - app.main - INFO - main - lifespan:57 - Shutting down CARDINSA Insurance Backend...
2025-09-03 09:32:50 - app.main - INFO - main - lifespan:59 - Application shutdown completed
2025-09-03 09:32:56 - app.config.logging - INFO - logging - setup_logging:199 - Logging initialized - Level: INFO
2025-09-03 09:32:56 - app.config.logging - INFO - logging - setup_logging:200 - Environment: development
2025-09-03 09:32:56 - app.config.logging - INFO - logging - setup_logging:201 - Log files directory: D:\cardinsa v2\cardinsa-backend\logs
2025-09-03 09:32:56 - app.main - INFO - main - lifespan:44 - Starting CARDINSA Insurance Backend...
2025-09-03 09:32:56 - app.config.database - INFO - database - create_tables:151 - Creating database tables...
2025-09-03 09:32:56 - app.config.database - INFO - database - create_tables:163 - Database tables created successfully
2025-09-03 09:32:56 - app.main - INFO - main - lifespan:49 - Database tables created/verified
2025-09-03 09:32:56 - app.main - INFO - main - lifespan:52 - Application startup completed
2025-09-03 20:06:00 - app.middleware.logging - INFO - middleware - dispatch:69 - Request started: GET http://localhost:8001/docs
2025-09-03 20:06:00 - app.middleware.logging - INFO - middleware - dispatch:93 - Request completed: GET http://localhost:8001/docs - 200
2025-09-03 20:06:00 - app.main - INFO - main - lifespan:57 - Shutting down CARDINSA Insurance Backend...
2025-09-03 20:06:00 - app.main - INFO - main - lifespan:59 - Application shutdown completed
